<?xml version="1.0" encoding="UTF-8" ?>
<testsuite tests="4" failures="0" name="com.sample.mvc.controller.EmployeeEditControllerTest" time="0.019" errors="0" skipped="0">
  <properties>
[...]
</properties>
  <testcase classname="com.sample.mvc.controller.EmployeeEditControllerTest" name="testOnsubmit" time="0.008"/>
  <testcase classname="com.sample.mvc.controller.EmployeeEditControllerTest" name="testEmployeeEditControllerTrue" time="0.002"/>
  <testcase classname="com.sample.mvc.controller.EmployeeEditControllerTest" name="testOnsubmitCode" time="0.002"/>
  <testcase classname="com.sample.mvc.controller.EmployeeEditControllerTest" name="testSetEmployeeService" time="0.001"/>
</testsuite>