<?xml version="1.0" encoding="UTF-8"?>
<coverage generated="1418985479561" clover="3.1.12">
   <project name="EmpployeeManagementSystem 1.0-SNAPSHOT" timestamp="1418985448876">
      <metrics coveredelements="96" complexity="30" loc="277" methods="26" classes="7" statements="62" packages="4" coveredconditionals="8" coveredmethods="26" elements="96" ncloc="203" files="7" conditionals="8" coveredstatements="62"/>
      <package name="com.sample.mvc.service">
         <metrics coveredelements="38" complexity="10" loc="63" methods="6" classes="1" statements="24" coveredconditionals="8" coveredmethods="6" elements="38" ncloc="52" files="1" conditionals="8" coveredstatements="24"/>
         <file path="C:\Workspace\EmpployeeManagementSystem\src\main\java\com\sample\mvc\service\EmployeeService.java" name="EmployeeService.java">
            <metrics coveredelements="38" coveredconditionals="8" complexity="10" loc="63" coveredmethods="6" methods="6" elements="38" classes="1" ncloc="52" statements="24" conditionals="8" coveredstatements="24"/>
            <class name="EmployeeService">
               <metrics coveredelements="38" coveredconditionals="8" complexity="10" coveredmethods="6" methods="6" elements="38" statements="24" conditionals="8" coveredstatements="24"/>
            </class>
            <line complexity="1" visibility="public" signature="setEmployeeList(List&lt;Employee&gt;) : void" num="13" count="32" type="method"/>
            <line num="14" count="32" type="stmt"/>
            <line complexity="1" visibility="public" signature="getEmployeeList() : List&lt;Employee&gt;" num="17" count="16" type="method"/>
            <line num="18" count="16" type="stmt"/>
            <line complexity="2" visibility="public" signature="findByEmployeeCode(int) : Employee" num="21" count="6" type="method"/>
            <line num="22" count="6" type="stmt"/>
            <line num="23" count="8" type="stmt"/>
            <line falsecount="4" truecount="4" num="23" type="cond"/>
            <line num="24" count="4" type="stmt"/>
            <line num="27" count="2" type="stmt"/>
            <line complexity="1" visibility="public" signature="addEmployee(Employee) : void" num="30" count="6" type="method"/>
            <line num="31" count="6" type="stmt"/>
            <line num="32" count="6" type="stmt"/>
            <line num="33" count="6" type="stmt"/>
            <line num="34" count="6" type="stmt"/>
            <line num="35" count="6" type="stmt"/>
            <line complexity="3" visibility="public" signature="deleteEmployee(int) : boolean" num="38" count="12" type="method"/>
            <line num="40" count="12" type="stmt"/>
            <line num="41" count="12" type="stmt"/>
            <line num="42" count="12" type="stmt"/>
            <line falsecount="12" truecount="24" num="42" type="cond"/>
            <line num="44" count="24" type="stmt"/>
            <line num="45" count="24" type="stmt"/>
            <line falsecount="16" truecount="8" num="45" type="cond"/>
            <line num="47" count="8" type="stmt"/>
            <line num="48" count="8" type="stmt"/>
            <line num="51" count="12" type="stmt"/>
            <line complexity="2" visibility="public" signature="editEmployee(Employee) : boolean" num="54" count="6" type="method"/>
            <line num="56" count="6" type="stmt"/>
            <line num="57" count="6" type="stmt"/>
            <line num="58" count="6" type="stmt"/>
            <line falsecount="2" truecount="4" num="58" type="cond"/>
            <line num="59" count="4" type="stmt"/>
            <line num="61" count="6" type="stmt"/>
         </file>
      </package>
      <package name="com.sample.mvc.domain">
         <metrics coveredelements="12" complexity="6" loc="33" methods="6" classes="1" statements="6" coveredconditionals="0" coveredmethods="6" elements="12" ncloc="24" files="1" conditionals="0" coveredstatements="6"/>
         <file path="C:\Workspace\EmpployeeManagementSystem\src\main\java\com\sample\mvc\domain\Employee.java" name="Employee.java">
            <metrics coveredelements="12" coveredconditionals="0" complexity="6" loc="33" coveredmethods="6" methods="6" elements="12" classes="1" ncloc="24" statements="6" conditionals="0" coveredstatements="6"/>
            <class name="Employee">
               <metrics coveredelements="12" coveredconditionals="0" complexity="6" coveredmethods="6" methods="6" elements="12" statements="6" conditionals="0" coveredstatements="6"/>
            </class>
            <line complexity="1" visibility="public" signature="getName() : String" num="9" count="6" type="method"/>
            <line num="10" count="6" type="stmt"/>
            <line complexity="1" visibility="public" signature="setName(String) : void" num="13" count="66" type="method"/>
            <line num="14" count="66" type="stmt"/>
            <line complexity="1" visibility="public" signature="getCode() : int" num="17" count="50" type="method"/>
            <line num="18" count="50" type="stmt"/>
            <line complexity="1" visibility="public" signature="setCode(int) : void" num="21" count="68" type="method"/>
            <line num="22" count="68" type="stmt"/>
            <line complexity="1" visibility="public" signature="getCity() : String" num="25" count="8" type="method"/>
            <line num="26" count="8" type="stmt"/>
            <line complexity="1" visibility="public" signature="setCity(String) : void" num="29" count="54" type="method"/>
            <line num="30" count="54" type="stmt"/>
         </file>
      </package>
      <package name="com.sample.mvc.command">
         <metrics coveredelements="12" complexity="6" loc="33" methods="6" classes="1" statements="6" coveredconditionals="0" coveredmethods="6" elements="12" ncloc="24" files="1" conditionals="0" coveredstatements="6"/>
         <file path="C:\Workspace\EmpployeeManagementSystem\src\main\java\com\sample\mvc\command\EmployeeCommand.java" name="EmployeeCommand.java">
            <metrics coveredelements="12" coveredconditionals="0" complexity="6" loc="33" coveredmethods="6" methods="6" elements="12" classes="1" ncloc="24" statements="6" conditionals="0" coveredstatements="6"/>
            <class name="EmployeeCommand">
               <metrics coveredelements="12" coveredconditionals="0" complexity="6" coveredmethods="6" methods="6" elements="12" statements="6" conditionals="0" coveredstatements="6"/>
            </class>
            <line complexity="1" visibility="public" signature="getName() : String" num="9" count="10" type="method"/>
            <line num="10" count="10" type="stmt"/>
            <line complexity="1" visibility="public" signature="setName(String) : void" num="13" count="12" type="method"/>
            <line num="14" count="12" type="stmt"/>
            <line complexity="1" visibility="public" signature="getCode() : int" num="17" count="12" type="method"/>
            <line num="18" count="12" type="stmt"/>
            <line complexity="1" visibility="public" signature="setCode(int) : void" num="21" count="12" type="method"/>
            <line num="22" count="12" type="stmt"/>
            <line complexity="1" visibility="public" signature="getCity() : String" num="25" count="4" type="method"/>
            <line num="26" count="4" type="stmt"/>
            <line complexity="1" visibility="public" signature="setCity(String) : void" num="29" count="12" type="method"/>
            <line num="30" count="12" type="stmt"/>
         </file>
      </package>
      <package name="com.sample.mvc.controller">
         <metrics coveredelements="34" complexity="8" loc="148" methods="8" classes="4" statements="26" coveredconditionals="0" coveredmethods="8" elements="34" ncloc="103" files="4" conditionals="0" coveredstatements="26"/>
         <file path="C:\Workspace\EmpployeeManagementSystem\src\main\java\com\sample\mvc\controller\EmployeeAddController.java" name="EmployeeAddController.java">
            <metrics coveredelements="10" coveredconditionals="0" complexity="2" loc="39" coveredmethods="2" methods="2" elements="10" classes="1" ncloc="28" statements="8" conditionals="0" coveredstatements="8"/>
            <class name="EmployeeAddController">
               <metrics coveredelements="10" coveredconditionals="0" complexity="2" coveredmethods="2" methods="2" elements="10" statements="8" conditionals="0" coveredstatements="8"/>
            </class>
            <line complexity="1" visibility="public" signature="setEmployeeService(EmployeeService) : void" num="19" count="4" type="method"/>
            <line num="20" count="4" type="stmt"/>
            <line complexity="1" visibility="protected" signature="onSubmit(HttpServletRequest,HttpServletResponse,Object,BindException) : ModelAndView" num="26" count="2" type="method"/>
            <line num="31" count="2" type="stmt"/>
            <line num="32" count="2" type="stmt"/>
            <line num="33" count="2" type="stmt"/>
            <line num="34" count="2" type="stmt"/>
            <line num="35" count="2" type="stmt"/>
            <line num="36" count="2" type="stmt"/>
            <line num="37" count="2" type="stmt"/>
         </file>
         <file path="C:\Workspace\EmpployeeManagementSystem\src\main\java\com\sample\mvc\controller\EmployeeController.java" name="EmployeeController.java">
            <metrics coveredelements="6" coveredconditionals="0" complexity="2" loc="33" coveredmethods="2" methods="2" elements="6" classes="1" ncloc="21" statements="4" conditionals="0" coveredstatements="4"/>
            <class name="EmployeeController">
               <metrics coveredelements="6" coveredconditionals="0" complexity="2" coveredmethods="2" methods="2" elements="6" statements="4" conditionals="0" coveredstatements="4"/>
            </class>
            <line complexity="1" visibility="public" signature="setEmployeeService(EmployeeService) : void" num="19" count="4" type="method"/>
            <line num="20" count="4" type="stmt"/>
            <line complexity="1" visibility="protected" signature="handleRequestInternal(HttpServletRequest,HttpServletResponse) : ModelAndView" num="23" count="2" type="method"/>
            <line num="27" count="2" type="stmt"/>
            <line num="28" count="2" type="stmt"/>
            <line num="30" count="2" type="stmt"/>
         </file>
         <file path="C:\Workspace\EmpployeeManagementSystem\src\main\java\com\sample\mvc\controller\EmployeeDeleteController.java" name="EmployeeDeleteController.java">
            <metrics coveredelements="8" coveredconditionals="0" complexity="2" loc="37" coveredmethods="2" methods="2" elements="8" classes="1" ncloc="26" statements="6" conditionals="0" coveredstatements="6"/>
            <class name="EmployeeDeleteController">
               <metrics coveredelements="8" coveredconditionals="0" complexity="2" coveredmethods="2" methods="2" elements="8" statements="6" conditionals="0" coveredstatements="6"/>
            </class>
            <line complexity="1" visibility="public" signature="setEmployeeService(EmployeeService) : void" num="19" count="4" type="method"/>
            <line num="20" count="4" type="stmt"/>
            <line complexity="1" visibility="protected" signature="onSubmit(HttpServletRequest,HttpServletResponse,Object,BindException) : ModelAndView" num="26" count="2" type="method"/>
            <line num="31" count="2" type="stmt"/>
            <line num="32" count="2" type="stmt"/>
            <line num="33" count="2" type="stmt"/>
            <line num="34" count="2" type="stmt"/>
            <line num="35" count="2" type="stmt"/>
         </file>
         <file path="C:\Workspace\EmpployeeManagementSystem\src\main\java\com\sample\mvc\controller\EmployeeEditController.java" name="EmployeeEditController.java">
            <metrics coveredelements="10" coveredconditionals="0" complexity="2" loc="39" coveredmethods="2" methods="2" elements="10" classes="1" ncloc="28" statements="8" conditionals="0" coveredstatements="8"/>
            <class name="EmployeeEditController">
               <metrics coveredelements="10" coveredconditionals="0" complexity="2" coveredmethods="2" methods="2" elements="10" statements="8" conditionals="0" coveredstatements="8"/>
            </class>
            <line complexity="1" visibility="public" signature="setEmployeeService(EmployeeService) : void" num="19" count="4" type="method"/>
            <line num="20" count="4" type="stmt"/>
            <line complexity="1" visibility="protected" signature="onSubmit(HttpServletRequest,HttpServletResponse,Object,BindException) : ModelAndView" num="26" count="2" type="method"/>
            <line num="31" count="2" type="stmt"/>
            <line num="32" count="2" type="stmt"/>
            <line num="33" count="2" type="stmt"/>
            <line num="34" count="2" type="stmt"/>
            <line num="35" count="2" type="stmt"/>
            <line num="36" count="2" type="stmt"/>
            <line num="37" count="2" type="stmt"/>
         </file>
      </package>
   </project>
   <testproject name="EmpployeeManagementSystem 1.0-SNAPSHOT" timestamp="1418985448876">
      <metrics coveredelements="296" complexity="35" loc="589" methods="31" classes="5" statements="271" packages="2" coveredconditionals="0" coveredmethods="31" elements="302" ncloc="476" files="5" conditionals="0" coveredstatements="265"/>
      <package name="com.sample.mvc.service">
         <metrics coveredelements="104" complexity="8" loc="170" methods="8" classes="1" statements="96" coveredconditionals="0" coveredmethods="8" elements="104" ncloc="135" files="1" conditionals="0" coveredstatements="96"/>
         <file path="C:\Workspace\EmpployeeManagementSystem\src\test\java\com\sample\mvc\service\EmployeeServiceTest.java" name="EmployeeServiceTest.java">
            <metrics coveredelements="104" coveredconditionals="0" complexity="8" loc="170" coveredmethods="8" methods="8" elements="104" classes="1" ncloc="135" statements="96" conditionals="0" coveredstatements="96"/>
            <class name="EmployeeServiceTest">
               <metrics coveredelements="104" complexity="8" methods="8" testruns="16" statements="96" coveredconditionals="0" coveredmethods="8" elements="104" testfailures="0" testduration="0.0" conditionals="0" coveredstatements="96" testpasses="16"/>
            </class>
            <line complexity="1" visibility="public" signature="testAddTrue() : void" num="26" testsuccess="true" count="2" testduration="0.0" type="method"/>
            <line num="28" count="2" type="stmt"/>
            <line num="29" count="2" type="stmt"/>
            <line num="30" count="2" type="stmt"/>
            <line num="31" count="2" type="stmt"/>
            <line num="32" count="2" type="stmt"/>
            <line num="33" count="2" type="stmt"/>
            <line num="34" count="2" type="stmt"/>
            <line num="35" count="2" type="stmt"/>
            <line num="36" count="2" type="stmt"/>
            <line num="37" count="2" type="stmt"/>
            <line complexity="1" visibility="public" signature="testAddFalse() : void" num="44" testsuccess="true" count="2" testduration="0.0" type="method"/>
            <line num="46" count="2" type="stmt"/>
            <line num="47" count="2" type="stmt"/>
            <line num="48" count="2" type="stmt"/>
            <line num="49" count="2" type="stmt"/>
            <line num="50" count="2" type="stmt"/>
            <line num="51" count="2" type="stmt"/>
            <line num="52" count="2" type="stmt"/>
            <line complexity="1" visibility="public" signature="findByEmployeeCodeTrue() : void" num="58" testsuccess="true" count="2" testduration="0.0" type="method"/>
            <line num="61" count="2" type="stmt"/>
            <line num="62" count="2" type="stmt"/>
            <line num="63" count="2" type="stmt"/>
            <line num="64" count="2" type="stmt"/>
            <line num="65" count="2" type="stmt"/>
            <line num="66" count="2" type="stmt"/>
            <line num="67" count="2" type="stmt"/>
            <line num="68" count="2" type="stmt"/>
            <line num="70" count="2" type="stmt"/>
            <line num="71" count="2" type="stmt"/>
            <line complexity="1" visibility="public" signature="findByEmployeeCodeFalse() : void" num="78" testsuccess="true" count="2" testduration="0.0" type="method"/>
            <line num="81" count="2" type="stmt"/>
            <line num="82" count="2" type="stmt"/>
            <line num="83" count="2" type="stmt"/>
            <line num="84" count="2" type="stmt"/>
            <line num="85" count="2" type="stmt"/>
            <line num="86" count="2" type="stmt"/>
            <line num="87" count="2" type="stmt"/>
            <line num="88" count="2" type="stmt"/>
            <line num="90" count="2" type="stmt"/>
            <line num="91" count="2" type="stmt"/>
            <line num="92" count="2" type="stmt"/>
            <line complexity="1" visibility="public" signature="deleteEmployeeTrue() : void" num="95" testsuccess="true" count="2" testduration="0.0" type="method"/>
            <line num="97" count="2" type="stmt"/>
            <line num="98" count="2" type="stmt"/>
            <line num="99" count="2" type="stmt"/>
            <line num="100" count="2" type="stmt"/>
            <line num="101" count="2" type="stmt"/>
            <line num="102" count="2" type="stmt"/>
            <line num="103" count="2" type="stmt"/>
            <line num="104" count="2" type="stmt"/>
            <line num="105" count="2" type="stmt"/>
            <line num="106" count="2" type="stmt"/>
            <line num="107" count="2" type="stmt"/>
            <line num="108" count="2" type="stmt"/>
            <line num="109" count="2" type="stmt"/>
            <line complexity="1" visibility="public" signature="deleteEmployeeFalse() : void" num="112" testsuccess="true" count="2" testduration="0.0" type="method"/>
            <line num="114" count="2" type="stmt"/>
            <line num="115" count="2" type="stmt"/>
            <line num="116" count="2" type="stmt"/>
            <line num="117" count="2" type="stmt"/>
            <line num="118" count="2" type="stmt"/>
            <line num="119" count="2" type="stmt"/>
            <line num="120" count="2" type="stmt"/>
            <line num="121" count="2" type="stmt"/>
            <line num="122" count="2" type="stmt"/>
            <line num="123" count="2" type="stmt"/>
            <line num="124" count="2" type="stmt"/>
            <line num="125" count="2" type="stmt"/>
            <line num="126" count="2" type="stmt"/>
            <line complexity="1" visibility="public" signature="editEmployeeTrue() : void" num="129" testsuccess="true" count="2" testduration="0.0" type="method"/>
            <line num="131" count="2" type="stmt"/>
            <line num="132" count="2" type="stmt"/>
            <line num="133" count="2" type="stmt"/>
            <line num="134" count="2" type="stmt"/>
            <line num="135" count="2" type="stmt"/>
            <line num="136" count="2" type="stmt"/>
            <line num="137" count="2" type="stmt"/>
            <line num="138" count="2" type="stmt"/>
            <line num="139" count="2" type="stmt"/>
            <line num="141" count="2" type="stmt"/>
            <line num="142" count="2" type="stmt"/>
            <line num="143" count="2" type="stmt"/>
            <line num="144" count="2" type="stmt"/>
            <line num="145" count="2" type="stmt"/>
            <line num="146" count="2" type="stmt"/>
            <line num="147" count="2" type="stmt"/>
            <line complexity="1" visibility="public" signature="editEmployeeFalse() : void" num="150" testsuccess="true" count="2" testduration="0.0" type="method"/>
            <line num="152" count="2" type="stmt"/>
            <line num="153" count="2" type="stmt"/>
            <line num="154" count="2" type="stmt"/>
            <line num="155" count="2" type="stmt"/>
            <line num="156" count="2" type="stmt"/>
            <line num="157" count="2" type="stmt"/>
            <line num="158" count="2" type="stmt"/>
            <line num="159" count="2" type="stmt"/>
            <line num="160" count="2" type="stmt"/>
            <line num="162" count="2" type="stmt"/>
            <line num="163" count="2" type="stmt"/>
            <line num="164" count="2" type="stmt"/>
            <line num="165" count="2" type="stmt"/>
            <line num="166" count="2" type="stmt"/>
            <line num="167" count="2" type="stmt"/>
            <line num="168" count="2" type="stmt"/>
         </file>
      </package>
      <package name="com.sample.mvc.controller">
         <metrics coveredelements="192" complexity="27" loc="419" methods="23" classes="4" statements="175" coveredconditionals="0" coveredmethods="23" elements="198" ncloc="341" files="4" conditionals="0" coveredstatements="169"/>
         <file path="C:\Workspace\EmpployeeManagementSystem\src\test\java\com\sample\mvc\controller\EmployeeAddControllerTest.java" name="EmployeeAddControllerTest.java">
            <metrics coveredelements="53" coveredconditionals="0" complexity="7" loc="113" coveredmethods="6" methods="6" elements="55" classes="1" ncloc="92" statements="49" conditionals="0" coveredstatements="47"/>
            <class name="EmployeeAddControllerTest">
               <metrics coveredelements="53" complexity="7" methods="6" testruns="8" statements="49" coveredconditionals="0" coveredmethods="6" elements="55" testfailures="0" testduration="0.20300001" conditionals="0" coveredstatements="47" testpasses="8"/>
            </class>
            <line complexity="1" visibility="public" signature="testEmployeeAddControllerTrue() : void" num="39" testsuccess="true" count="2" testduration="0.0" type="method"/>
            <line num="41" count="2" type="stmt"/>
            <line num="42" count="2" type="stmt"/>
            <line num="43" count="2" type="stmt"/>
            <line num="44" count="2" type="stmt"/>
            <line num="45" count="2" type="stmt"/>
            <line num="46" count="2" type="stmt"/>
            <line num="47" count="2" type="stmt"/>
            <line num="48" count="2" type="stmt"/>
            <line num="49" count="2" type="stmt"/>
            <line num="50" count="2" type="stmt"/>
            <line num="51" count="2" type="stmt"/>
            <line num="52" count="2" type="stmt"/>
            <line num="53" count="2" type="stmt"/>
            <line num="54" count="2" type="stmt"/>
            <line num="55" count="2" type="stmt"/>
            <line num="56" count="2" type="stmt"/>
            <line num="57" count="2" type="stmt"/>
            <line num="59" count="2" type="stmt"/>
            <line num="60" count="2" type="stmt"/>
            <line complexity="1" visibility="private" signature="mock(Class&lt;HttpServletRequest&gt;) : HttpServletRequest" num="63" count="2" type="method"/>
            <line num="64" count="2" type="stmt"/>
            <line complexity="1" visibility="private" signature="mock2(Class&lt;HttpServletResponse&gt;) : HttpServletResponse" num="67" count="2" type="method"/>
            <line num="68" count="2" type="stmt"/>
            <line complexity="1" visibility="public" signature="testSetEmployeeService() : void" num="71" testsuccess="true" count="2" testduration="0.0" type="method"/>
            <line num="73" count="2" type="stmt"/>
            <line num="74" count="2" type="stmt"/>
            <line complexity="2" visibility="public" signature="testOnsubmit() : void" num="78" testsuccess="true" count="2" testduration="0.125" type="method"/>
            <line num="80" count="2" type="stmt"/>
            <line num="81" count="2" type="stmt"/>
            <line num="82" count="2" type="stmt"/>
            <line num="83" count="2" type="stmt"/>
            <line num="84" count="2" type="stmt"/>
            <line num="85" count="2" type="stmt"/>
            <line num="86" count="2" type="stmt"/>
            <line num="87" count="2" type="stmt"/>
            <line num="88" count="2" type="stmt"/>
            <line num="89" count="2" type="stmt"/>
            <line num="90" count="2" type="stmt"/>
            <line num="91" count="2" type="stmt"/>
            <line num="92" count="2" type="stmt"/>
            <line num="93" count="2" type="stmt"/>
            <line num="94" count="2" type="stmt"/>
            <line num="95" count="2" type="stmt"/>
            <line num="96" count="2" type="stmt"/>
            <line num="97" count="2" type="stmt"/>
            <line num="99" count="0" type="stmt"/>
            <line num="100" count="0" type="stmt"/>
            <line num="102" count="2" type="stmt"/>
            <line complexity="1" visibility="public" signature="testOnsubmitCode() : void" num="105" testsuccess="true" count="2" testduration="0.0" type="method"/>
            <line num="107" count="2" type="stmt"/>
            <line num="108" count="2" type="stmt"/>
            <line num="109" count="2" type="stmt"/>
            <line num="110" count="2" type="stmt"/>
            <line num="111" count="2" type="stmt"/>
         </file>
         <file path="C:\Workspace\EmpployeeManagementSystem\src\test\java\com\sample\mvc\controller\EmployeeControllerTest.java" name="EmployeeControllerTest.java">
            <metrics coveredelements="33" coveredconditionals="0" complexity="6" loc="84" coveredmethods="5" methods="5" elements="34" classes="1" ncloc="64" statements="29" conditionals="0" coveredstatements="28"/>
            <class name="EmployeeControllerTest">
               <metrics coveredelements="33" complexity="6" methods="5" testruns="6" statements="29" coveredconditionals="0" coveredmethods="5" elements="34" testfailures="0" testduration="0.0" conditionals="0" coveredstatements="28" testpasses="6"/>
            </class>
            <line complexity="1" visibility="public" signature="testEmployeeControllerTrue() : void" num="35" testsuccess="true" count="2" testduration="0.0" type="method"/>
            <line num="37" count="2" type="stmt"/>
            <line num="38" count="2" type="stmt"/>
            <line num="39" count="2" type="stmt"/>
            <line num="40" count="2" type="stmt"/>
            <line num="41" count="2" type="stmt"/>
            <line num="42" count="2" type="stmt"/>
            <line num="43" count="2" type="stmt"/>
            <line num="44" count="2" type="stmt"/>
            <line num="45" count="2" type="stmt"/>
            <line num="46" count="2" type="stmt"/>
            <line complexity="1" visibility="private" signature="mock(Class&lt;HttpServletRequest&gt;) : HttpServletRequest" num="50" count="2" type="method"/>
            <line num="51" count="2" type="stmt"/>
            <line complexity="1" visibility="private" signature="mock2(Class&lt;HttpServletResponse&gt;) : HttpServletResponse" num="54" count="2" type="method"/>
            <line num="55" count="2" type="stmt"/>
            <line complexity="1" visibility="public" signature="testSetEmployeeService() : void" num="58" testsuccess="true" count="2" testduration="0.0" type="method"/>
            <line num="60" count="2" type="stmt"/>
            <line num="61" count="2" type="stmt"/>
            <line complexity="2" visibility="public" signature="testHandleRequestInternal() : void" num="64" testsuccess="true" count="2" testduration="0.0" type="method"/>
            <line num="66" count="2" type="stmt"/>
            <line num="67" count="2" type="stmt"/>
            <line num="68" count="2" type="stmt"/>
            <line num="69" count="2" type="stmt"/>
            <line num="70" count="2" type="stmt"/>
            <line num="71" count="2" type="stmt"/>
            <line num="72" count="2" type="stmt"/>
            <line num="73" count="2" type="stmt"/>
            <line num="74" count="2" type="stmt"/>
            <line num="75" count="2" type="stmt"/>
            <line num="76" count="2" type="stmt"/>
            <line num="77" count="2" type="stmt"/>
            <line num="78" count="2" type="stmt"/>
            <line num="79" count="2" type="stmt"/>
            <line num="81" count="0" type="stmt"/>
         </file>
         <file path="C:\Workspace\EmpployeeManagementSystem\src\test\java\com\sample\mvc\controller\EmployeeDeleteControllerTest.java" name="EmployeeDeleteControllerTest.java">
            <metrics coveredelements="53" coveredconditionals="0" complexity="7" loc="108" coveredmethods="6" methods="6" elements="54" classes="1" ncloc="90" statements="48" conditionals="0" coveredstatements="47"/>
            <class name="EmployeeDeleteControllerTest">
               <metrics coveredelements="53" complexity="7" methods="6" testruns="8" statements="48" coveredconditionals="0" coveredmethods="6" elements="54" testfailures="0" testduration="0.0" conditionals="0" coveredstatements="47" testpasses="8"/>
            </class>
            <line complexity="1" visibility="public" signature="testEmployeeDeleteControllerTrue() : void" num="36" testsuccess="true" count="2" testduration="0.0" type="method"/>
            <line num="38" count="2" type="stmt"/>
            <line num="39" count="2" type="stmt"/>
            <line num="40" count="2" type="stmt"/>
            <line num="41" count="2" type="stmt"/>
            <line num="42" count="2" type="stmt"/>
            <line num="43" count="2" type="stmt"/>
            <line num="44" count="2" type="stmt"/>
            <line num="45" count="2" type="stmt"/>
            <line num="46" count="2" type="stmt"/>
            <line num="47" count="2" type="stmt"/>
            <line num="48" count="2" type="stmt"/>
            <line num="49" count="2" type="stmt"/>
            <line num="50" count="2" type="stmt"/>
            <line num="51" count="2" type="stmt"/>
            <line num="52" count="2" type="stmt"/>
            <line num="53" count="2" type="stmt"/>
            <line num="54" count="2" type="stmt"/>
            <line num="56" count="2" type="stmt"/>
            <line num="57" count="2" type="stmt"/>
            <line complexity="1" visibility="private" signature="mock(Class&lt;HttpServletRequest&gt;) : HttpServletRequest" num="60" count="2" type="method"/>
            <line num="61" count="2" type="stmt"/>
            <line complexity="1" visibility="private" signature="mock2(Class&lt;HttpServletResponse&gt;) : HttpServletResponse" num="64" count="2" type="method"/>
            <line num="65" count="2" type="stmt"/>
            <line complexity="1" visibility="public" signature="testSetEmployeeService() : void" num="68" testsuccess="true" count="2" testduration="0.0" type="method"/>
            <line num="70" count="2" type="stmt"/>
            <line num="71" count="2" type="stmt"/>
            <line complexity="2" visibility="public" signature="testOnsubmit() : void" num="74" testsuccess="true" count="2" testduration="0.0" type="method"/>
            <line num="76" count="2" type="stmt"/>
            <line num="77" count="2" type="stmt"/>
            <line num="78" count="2" type="stmt"/>
            <line num="79" count="2" type="stmt"/>
            <line num="80" count="2" type="stmt"/>
            <line num="81" count="2" type="stmt"/>
            <line num="82" count="2" type="stmt"/>
            <line num="83" count="2" type="stmt"/>
            <line num="84" count="2" type="stmt"/>
            <line num="85" count="2" type="stmt"/>
            <line num="86" count="2" type="stmt"/>
            <line num="87" count="2" type="stmt"/>
            <line num="88" count="2" type="stmt"/>
            <line num="89" count="2" type="stmt"/>
            <line num="90" count="2" type="stmt"/>
            <line num="91" count="2" type="stmt"/>
            <line num="92" count="2" type="stmt"/>
            <line num="93" count="2" type="stmt"/>
            <line num="95" count="0" type="stmt"/>
            <line num="97" count="2" type="stmt"/>
            <line complexity="1" visibility="public" signature="testOnsubmitCode() : void" num="100" testsuccess="true" count="2" testduration="0.0" type="method"/>
            <line num="102" count="2" type="stmt"/>
            <line num="103" count="2" type="stmt"/>
            <line num="104" count="2" type="stmt"/>
            <line num="105" count="2" type="stmt"/>
            <line num="106" count="2" type="stmt"/>
         </file>
         <file path="C:\Workspace\EmpployeeManagementSystem\src\test\java\com\sample\mvc\controller\EmployeeEditControllerTest.java" name="EmployeeEditControllerTest.java">
            <metrics coveredelements="53" coveredconditionals="0" complexity="7" loc="114" coveredmethods="6" methods="6" elements="55" classes="1" ncloc="95" statements="49" conditionals="0" coveredstatements="47"/>
            <class name="EmployeeEditControllerTest">
               <metrics coveredelements="53" complexity="7" methods="6" testruns="8" statements="49" coveredconditionals="0" coveredmethods="6" elements="55" testfailures="0" testduration="0.0" conditionals="0" coveredstatements="47" testpasses="8"/>
            </class>
            <line complexity="1" visibility="public" signature="testEmployeeEditControllerTrue() : void" num="40" testsuccess="true" count="2" testduration="0.0" type="method"/>
            <line num="42" count="2" type="stmt"/>
            <line num="43" count="2" type="stmt"/>
            <line num="44" count="2" type="stmt"/>
            <line num="45" count="2" type="stmt"/>
            <line num="46" count="2" type="stmt"/>
            <line num="47" count="2" type="stmt"/>
            <line num="48" count="2" type="stmt"/>
            <line num="49" count="2" type="stmt"/>
            <line num="50" count="2" type="stmt"/>
            <line num="51" count="2" type="stmt"/>
            <line num="52" count="2" type="stmt"/>
            <line num="53" count="2" type="stmt"/>
            <line num="54" count="2" type="stmt"/>
            <line num="55" count="2" type="stmt"/>
            <line num="56" count="2" type="stmt"/>
            <line num="57" count="2" type="stmt"/>
            <line num="58" count="2" type="stmt"/>
            <line num="60" count="2" type="stmt"/>
            <line num="61" count="2" type="stmt"/>
            <line complexity="1" visibility="private" signature="mock(Class&lt;HttpServletRequest&gt;) : HttpServletRequest" num="64" count="2" type="method"/>
            <line num="65" count="2" type="stmt"/>
            <line complexity="1" visibility="private" signature="mock2(Class&lt;HttpServletResponse&gt;) : HttpServletResponse" num="68" count="2" type="method"/>
            <line num="69" count="2" type="stmt"/>
            <line complexity="1" visibility="public" signature="testSetEmployeeService() : void" num="72" testsuccess="true" count="2" testduration="0.0" type="method"/>
            <line num="74" count="2" type="stmt"/>
            <line num="75" count="2" type="stmt"/>
            <line complexity="2" visibility="public" signature="testOnsubmit() : void" num="78" testsuccess="true" count="2" testduration="0.0" type="method"/>
            <line num="80" count="2" type="stmt"/>
            <line num="81" count="2" type="stmt"/>
            <line num="82" count="2" type="stmt"/>
            <line num="83" count="2" type="stmt"/>
            <line num="84" count="2" type="stmt"/>
            <line num="85" count="2" type="stmt"/>
            <line num="86" count="2" type="stmt"/>
            <line num="87" count="2" type="stmt"/>
            <line num="88" count="2" type="stmt"/>
            <line num="89" count="2" type="stmt"/>
            <line num="90" count="2" type="stmt"/>
            <line num="91" count="2" type="stmt"/>
            <line num="92" count="2" type="stmt"/>
            <line num="93" count="2" type="stmt"/>
            <line num="94" count="2" type="stmt"/>
            <line num="95" count="2" type="stmt"/>
            <line num="96" count="2" type="stmt"/>
            <line num="97" count="2" type="stmt"/>
            <line num="99" count="0" type="stmt"/>
            <line num="100" count="0" type="stmt"/>
            <line num="102" count="2" type="stmt"/>
            <line complexity="1" visibility="public" signature="testOnsubmitCode() : void" num="105" testsuccess="true" count="2" testduration="0.0" type="method"/>
            <line num="107" count="2" type="stmt"/>
            <line num="108" count="2" type="stmt"/>
            <line num="109" count="2" type="stmt"/>
            <line num="110" count="2" type="stmt"/>
            <line num="111" count="2" type="stmt"/>
         </file>
      </package>
   </testproject>
</coverage>